2020-07-18 14:36:27  Mission 15,'Mission 1' CREATED by 8,user1. Description: ''.
2020-07-18 14:36:45  Subsystem 40,'Mission Analysis' CREATED for 8,user1. Description: ''.
2020-07-18 14:37:15  Element 72,'Atmosphere' IMPORTED to subsystem 40,'Mission Analysis' from Element 19,'Atmosphere'
2020-07-18 14:37:15  Variable 72,145,'Ballistic coef' IMPORTED to subsystem 40,'Mission Analysis'from Variable 19,31
2020-07-18 14:37:15  Element 73,'Deviations parameter' IMPORTED to subsystem 40,'Mission Analysis' from Element 21,'Deviations parameter'
2020-07-18 14:37:15  Variable 73,146,'a' IMPORTED to subsystem 40,'Mission Analysis'from Variable 21,33
2020-07-18 14:37:15  Variable 73,147,'e' IMPORTED to subsystem 40,'Mission Analysis'from Variable 21,34
2020-07-18 14:37:15  Variable 73,148,'i' IMPORTED to subsystem 40,'Mission Analysis'from Variable 21,35
2020-07-18 14:37:15  Variable 73,149,'w' IMPORTED to subsystem 40,'Mission Analysis'from Variable 21,36
2020-07-18 14:37:15  Variable 73,150,'omega' IMPORTED to subsystem 40,'Mission Analysis'from Variable 21,37
2020-07-18 14:37:55  Element 72,'Atmosphere' REQUESTED DELETION by 8,user1
2020-07-18 14:38:02  Element 73,'Deviations parameter' REQUESTED DELETION by 8,user1
2020-07-18 14:38:06  Element 72 and contained variables DELETED by 8,user1.
2020-07-18 14:38:09  Element 73 and contained variables DELETED by 8,user1.
2020-07-18 14:38:36  Element 74,'Required orbit' IMPORTED to subsystem 40,'Mission Analysis' from Element 4,'Required orbit'
2020-07-18 14:38:36  Variable 74,151,'height' IMPORTED to subsystem 40,'Mission Analysis'from Variable 4,5
2020-07-18 14:38:36  Variable 74,152,'i' IMPORTED to subsystem 40,'Mission Analysis'from Variable 4,6
2020-07-18 14:38:36  Element 75,'Atmosphere' IMPORTED to subsystem 40,'Mission Analysis' from Element 19,'Atmosphere'
2020-07-18 14:38:36  Variable 75,153,'Ballistic coef' IMPORTED to subsystem 40,'Mission Analysis'from Variable 19,31
2020-07-18 14:38:36  Element 76,'Deviations parameter' IMPORTED to subsystem 40,'Mission Analysis' from Element 21,'Deviations parameter'
2020-07-18 14:38:36  Variable 76,154,'a' IMPORTED to subsystem 40,'Mission Analysis'from Variable 21,33
2020-07-18 14:38:36  Variable 76,155,'e' IMPORTED to subsystem 40,'Mission Analysis'from Variable 21,34
2020-07-18 14:38:36  Variable 76,156,'i' IMPORTED to subsystem 40,'Mission Analysis'from Variable 21,35
2020-07-18 14:38:36  Variable 76,157,'w' IMPORTED to subsystem 40,'Mission Analysis'from Variable 21,36
2020-07-18 14:38:36  Variable 76,158,'omega' IMPORTED to subsystem 40,'Mission Analysis'from Variable 21,37
2020-07-18 14:39:06  Subsystem 41,'Propulsion' IMPORTED to mission 15,'Mission 1' from Subsystem 18,'Propulsion'
2020-07-18 14:39:06      Element 41,77,'Parameters' IMPORTED to mission 15,'Mission 1'from subsystem 18,Propulsion
2020-07-18 14:39:06          Variable 77,159,'Fuel mass' IMPORTED to subsystem 41,'Propulsion'from Variable 16,21
2020-07-18 14:39:06          Variable 77,160,'Total Delta_V' IMPORTED to subsystem 41,'Propulsion'from Variable 16,22
2020-07-18 14:39:06      Element 41,78,'Ionic engine' IMPORTED to mission 15,'Mission 1'from subsystem 18,Propulsion
2020-07-18 14:39:06          Variable 78,161,'Dv_max in manoeuvre' IMPORTED to subsystem 41,'Propulsion'from Variable 17,25
2020-07-18 14:39:15  Subsystem 41 CHANGED USER to 7,user2.
2020-07-18 14:41:07  Variable 78,162,'Impulse 1' CREATED by 7,user2. Value: 10
2020-07-18 14:41:25  Variable 78,162,'Impulse 1' REQUESTED DELETION by 7,user2
2020-07-18 14:41:54  Variable 162 DELETED by 8,user1.
2020-07-18 14:43:30  Mission 15,'Mission 1' STARTED NEW ISSUE: v. 2.
2020-07-18 14:43:44  Variable 75,153,'Ballistic' value UPDATED by 8,user1. Value: 1
2020-07-18 14:43:48  Variable 75,153,'Ballistic' value UPDATED by 8,user1. Value: 1.5
